<?xml version="1.0" encoding="UTF-8"?>
<testsuite xmlns:xsi="http://www.w3.org/2001/XMLSchema-instance" xsi:noNamespaceSchemaLocation="https://maven.apache.org/surefire/maven-surefire-plugin/xsd/surefire-test-report-3.0.xsd" version="3.0" name="ServiceTest" time="0.134" tests="8" errors="0" skipped="0" failures="0">
  <properties>
[...]
</properties>
  <testcase name="paramsTestAddToCartWithThrows(int)[1]" classname="ServiceTest" time="0.041"/>
  <testcase name="paramsTestAddToCartWithThrows(int)[2]" classname="ServiceTest" time="0.001"/>
  <testcase name="paramsTestAddToCartWithThrows(int)[3]" classname="ServiceTest" time="0.002"/>
  <testcase name="paramsTestAddToCartWithThrows(int)[4]" classname="ServiceTest" time="0.001"/>
  <testcase name="paramsTestAddToCart(int, int)[1]" classname="ServiceTest" time="0.005"/>
  <testcase name="paramsTestAddToCart(int, int)[2]" classname="ServiceTest" time="0.001"/>
  <testcase name="paramsTestAddToCart(int, int)[3]" classname="ServiceTest" time="0.006"/>
  <testcase name="testAddToCart" classname="ServiceTest" time="0.001"/>
</testsuite>